<?xml version="1.0" encoding="UTF-8"?>
<testsuite name="UnitTests" tests="3" skipped="0" failures="0" errors="0" timestamp="2020-09-23T08:20:30" hostname="NEXUS" time="0.031">
  <properties/>
  <testcase name="parsingTest" classname="UnitTests" time="0.006"/>
  <testcase name="testMessageRegex" classname="UnitTests" time="0.003"/>
  <testcase name="testFilesExist" classname="UnitTests" time="0.002"/>
  <system-out><![CDATA[]]></system-out>
  <system-err><![CDATA[]]></system-err>
</testsuite>
